TN:
SF:server.js
FN:47,(anonymous_0)
FN:60,(anonymous_1)
FN:67,(anonymous_2)
FN:70,(anonymous_3)
FN:131,(anonymous_4)
FN:151,createAlert
FN:182,checkSystemHealth
FN:221,checkMemoryUsage
FN:257,startMonitoring
FN:259,(anonymous_9)
FN:264,(anonymous_10)
FN:294,(anonymous_11)
FN:300,(anonymous_12)
FN:301,(anonymous_13)
FN:302,(anonymous_14)
FN:336,(anonymous_15)
FN:363,(anonymous_16)
FN:365,(anonymous_17)
FN:366,(anonymous_18)
FN:367,(anonymous_19)
FN:368,(anonymous_20)
FN:387,(anonymous_21)
FN:392,(anonymous_22)
FN:397,(anonymous_23)
FN:413,(anonymous_24)
FN:414,(anonymous_25)
FN:423,(anonymous_26)
FN:425,(anonymous_27)
FN:458,(anonymous_28)
FN:489,formatUptime
FN:536,(anonymous_30)
FN:575,(anonymous_31)
FN:595,broadcastUpdate
FN:626,(anonymous_33)
FN:643,(anonymous_34)
FN:649,(anonymous_35)
FN:662,(anonymous_36)
FN:680,(anonymous_37)
FN:701,(anonymous_38)
FNF:39
FNH:21
FNDA:612,(anonymous_0)
FNDA:612,(anonymous_1)
FNDA:612,(anonymous_2)
FNDA:612,(anonymous_3)
FNDA:0,(anonymous_4)
FNDA:2,createAlert
FNDA:6,checkSystemHealth
FNDA:6,checkMemoryUsage
FNDA:1,startMonitoring
FNDA:1,(anonymous_9)
FNDA:2,(anonymous_10)
FNDA:4,(anonymous_11)
FNDA:6,(anonymous_12)
FNDA:4,(anonymous_13)
FNDA:4,(anonymous_14)
FNDA:1,(anonymous_15)
FNDA:0,(anonymous_16)
FNDA:0,(anonymous_17)
FNDA:0,(anonymous_18)
FNDA:0,(anonymous_19)
FNDA:0,(anonymous_20)
FNDA:3,(anonymous_21)
FNDA:0,(anonymous_22)
FNDA:0,(anonymous_23)
FNDA:0,(anonymous_24)
FNDA:0,(anonymous_25)
FNDA:1,(anonymous_26)
FNDA:0,(anonymous_27)
FNDA:2,(anonymous_28)
FNDA:5,formatUptime
FNDA:0,(anonymous_30)
FNDA:3,(anonymous_31)
FNDA:266,broadcastUpdate
FNDA:0,(anonymous_33)
FNDA:0,(anonymous_34)
FNDA:0,(anonymous_35)
FNDA:0,(anonymous_36)
FNDA:0,(anonymous_37)
FNDA:0,(anonymous_38)
DA:1,11
DA:2,11
DA:3,11
DA:4,11
DA:5,11
DA:7,11
DA:10,11
DA:11,11
DA:12,11
DA:15,11
DA:36,11
DA:47,11
DA:48,612
DA:49,612
DA:52,612
DA:54,612
DA:58,11
DA:61,612
DA:67,11
DA:68,612
DA:70,612
DA:71,612
DA:72,612
DA:75,612
DA:76,612
DA:78,612
DA:79,103
DA:83,612
DA:84,81
DA:92,612
DA:93,612
DA:94,612
DA:95,612
DA:97,612
DA:98,103
DA:102,612
DA:112,612
DA:113,0
DA:121,612
DA:125,11
DA:126,11
DA:127,11
DA:128,11
DA:131,11
DA:132,0
DA:133,0
DA:139,0
DA:147,0
DA:152,2
DA:162,2
DA:165,2
DA:166,0
DA:169,2
DA:178,2
DA:183,6
DA:184,6
DA:186,6
DA:189,6
DA:190,6
DA:192,6
DA:193,0
DA:194,0
DA:197,6
DA:198,4
DA:199,4
DA:202,6
DA:203,2
DA:206,6
DA:222,6
DA:223,6
DA:230,6
DA:231,6
DA:233,6
DA:234,0
DA:235,0
DA:238,6
DA:239,0
DA:240,0
DA:243,6
DA:244,0
DA:247,6
DA:259,1
DA:260,1
DA:261,1
DA:264,1
DA:265,2
DA:266,0
DA:270,2
DA:271,1
DA:281,11
DA:282,0
DA:286,11
DA:287,11
DA:288,11
DA:289,11
DA:290,11
DA:291,11
DA:294,11
DA:295,4
DA:300,6
DA:301,4
DA:302,4
DA:304,4
DA:306,4
DA:312,4
DA:336,11
DA:337,1
DA:338,1
DA:341,1
DA:343,1
DA:363,0
DA:365,0
DA:366,0
DA:367,0
DA:368,0
DA:387,11
DA:388,3
DA:389,3
DA:391,3
DA:392,1
DA:395,3
DA:396,1
DA:397,1
DA:400,3
DA:407,3
DA:413,0
DA:414,0
DA:423,11
DA:424,1
DA:425,1
DA:427,1
DA:428,1
DA:429,1
DA:438,0
DA:439,0
DA:440,0
DA:442,0
DA:448,0
DA:458,11
DA:459,2
DA:460,2
DA:462,2
DA:464,2
DA:490,5
DA:491,5
DA:492,5
DA:493,5
DA:495,5
DA:496,0
DA:497,5
DA:498,0
DA:499,5
DA:500,0
DA:502,5
DA:507,11
DA:508,11
DA:509,11
DA:510,11
DA:511,11
DA:512,11
DA:513,11
DA:514,11
DA:515,11
DA:518,11
DA:519,11
DA:520,11
DA:521,11
DA:522,11
DA:523,11
DA:524,11
DA:525,11
DA:526,11
DA:529,11
DA:530,11
DA:531,11
DA:532,11
DA:533,11
DA:536,11
DA:537,0
DA:540,0
DA:541,0
DA:550,0
DA:560,0
DA:562,0
DA:575,11
DA:576,3
DA:583,3
DA:592,11
DA:596,266
DA:603,266
DA:611,266
DA:616,11
DA:619,11
DA:620,11
DA:621,11
DA:622,11
DA:623,11
DA:626,11
DA:627,0
DA:630,0
DA:638,0
DA:640,0
DA:643,11
DA:644,0
DA:645,0
DA:649,11
DA:650,0
DA:656,0
DA:662,11
DA:663,0
DA:669,0
DA:674,0
DA:679,11
DA:680,0
DA:681,0
DA:689,0
DA:690,0
DA:691,0
DA:692,0
DA:693,0
DA:694,0
DA:695,0
DA:696,0
DA:697,0
DA:701,0
DA:702,0
DA:708,0
DA:716,11
LF:228
LH:167
BRDA:16,0,0,11
BRDA:16,0,1,11
BRDA:48,1,0,612
BRDA:48,1,1,612
BRDA:72,2,0,609
BRDA:72,2,1,3
BRDA:78,3,0,103
BRDA:78,3,1,509
BRDA:83,4,0,81
BRDA:83,4,1,531
BRDA:97,5,0,103
BRDA:97,5,1,509
BRDA:112,6,0,0
BRDA:112,6,1,612
BRDA:132,7,0,0
BRDA:132,7,1,0
BRDA:132,8,0,0
BRDA:132,8,1,0
BRDA:132,8,2,0
BRDA:151,9,0,1
BRDA:165,10,0,0
BRDA:165,10,1,2
BRDA:184,11,0,4
BRDA:184,11,1,2
BRDA:186,12,0,4
BRDA:186,12,1,2
BRDA:192,13,0,0
BRDA:192,13,1,6
BRDA:197,14,0,4
BRDA:197,14,1,2
BRDA:202,15,0,2
BRDA:202,15,1,4
BRDA:202,16,0,6
BRDA:202,16,1,6
BRDA:209,17,0,4
BRDA:209,17,1,2
BRDA:233,18,0,0
BRDA:233,18,1,6
BRDA:238,19,0,0
BRDA:238,19,1,6
BRDA:243,20,0,0
BRDA:243,20,1,6
BRDA:250,21,0,0
BRDA:250,21,1,6
BRDA:265,22,0,0
BRDA:265,22,1,2
BRDA:270,23,0,1
BRDA:270,23,1,1
BRDA:281,24,0,0
BRDA:281,24,1,11
BRDA:300,25,0,2
BRDA:300,25,1,2
BRDA:301,26,0,0
BRDA:301,26,1,2
BRDA:302,27,0,0
BRDA:302,27,1,2
BRDA:323,28,0,2
BRDA:323,28,1,2
BRDA:325,29,0,2
BRDA:325,29,1,2
BRDA:338,30,0,1
BRDA:338,30,1,0
BRDA:355,31,0,1
BRDA:355,31,1,0
BRDA:365,32,0,0
BRDA:365,32,1,0
BRDA:366,33,0,0
BRDA:366,33,1,0
BRDA:367,34,0,0
BRDA:367,34,1,0
BRDA:368,35,0,0
BRDA:368,35,1,0
BRDA:391,36,0,1
BRDA:391,36,1,2
BRDA:395,37,0,1
BRDA:395,37,1,2
BRDA:427,38,0,1
BRDA:427,38,1,0
BRDA:440,39,0,0
BRDA:440,39,1,0
BRDA:468,40,0,2
BRDA:468,40,1,1
BRDA:473,41,0,2
BRDA:473,41,1,0
BRDA:475,42,0,2
BRDA:475,42,1,0
BRDA:495,43,0,0
BRDA:495,43,1,5
BRDA:497,44,0,0
BRDA:497,44,1,5
BRDA:499,45,0,0
BRDA:499,45,1,5
BRDA:540,46,0,0
BRDA:540,46,1,0
BRDA:540,47,0,0
BRDA:540,47,1,0
BRDA:560,48,0,0
BRDA:560,48,1,0
BRDA:565,49,0,0
BRDA:565,49,1,0
BRDA:592,50,0,11
BRDA:592,50,1,11
BRDA:679,51,0,0
BRDA:679,51,1,11
BRF:104
BRH:61
end_of_record
TN:
SF:models/BudgetForecast.js
FN:11,(anonymous_0)
FN:79,(anonymous_1)
FN:87,(anonymous_2)
FN:96,(anonymous_3)
FN:105,(anonymous_4)
FN:113,(anonymous_5)
FN:135,(anonymous_6)
FN:166,(anonymous_7)
FN:183,(anonymous_8)
FN:194,(anonymous_9)
FN:205,(anonymous_10)
FN:216,(anonymous_11)
FN:264,(anonymous_12)
FN:305,(anonymous_13)
FNF:14
FNH:14
FNDA:230,(anonymous_0)
FNDA:229,(anonymous_1)
FNDA:615,(anonymous_2)
FNDA:614,(anonymous_3)
FNDA:102,(anonymous_4)
FNDA:103,(anonymous_5)
FNDA:309,(anonymous_6)
FNDA:309,(anonymous_7)
FNDA:1,(anonymous_8)
FNDA:1,(anonymous_9)
FNDA:1,(anonymous_10)
FNDA:204,(anonymous_11)
FNDA:205,(anonymous_12)
FNDA:1,(anonymous_13)
DA:13,230
DA:14,230
DA:15,230
DA:16,230
DA:17,230
DA:20,230
DA:21,230
DA:22,230
DA:23,230
DA:26,230
DA:31,230
DA:32,230
DA:35,230
DA:36,230
DA:37,230
DA:44,230
DA:51,230
DA:52,230
DA:53,230
DA:56,230
DA:57,230
DA:58,230
DA:61,230
DA:68,230
DA:69,230
DA:70,230
DA:71,230
DA:72,230
DA:80,229
DA:88,615
DA:89,613
DA:97,614
DA:98,612
DA:106,102
DA:114,103
DA:115,103
DA:117,103
DA:118,103
DA:119,47
DA:120,56
DA:121,56
DA:124,103
DA:136,309
DA:137,309
DA:139,309
DA:140,309
DA:142,309
DA:143,112
DA:144,112
DA:145,197
DA:146,27
DA:147,27
DA:148,170
DA:149,2
DA:150,2
DA:153,309
DA:168,309
DA:176,309
DA:184,1
DA:195,1
DA:206,1
DA:207,1
DA:208,1
DA:209,1
DA:217,204
DA:219,204
DA:220,1
DA:223,204
DA:224,204
DA:225,0
DA:228,204
DA:229,1
DA:232,204
DA:233,0
DA:236,204
DA:237,0
DA:240,204
DA:241,0
DA:244,204
DA:245,204
DA:246,0
DA:249,204
DA:250,204
DA:251,0
DA:254,204
DA:265,205
DA:306,1
DA:310,15
LF:88
LH:82
BRDA:11,0,0,1
BRDA:13,1,0,230
BRDA:13,1,1,229
BRDA:14,2,0,230
BRDA:14,2,1,4
BRDA:15,3,0,230
BRDA:15,3,1,4
BRDA:16,4,0,230
BRDA:16,4,1,14
BRDA:17,5,0,230
BRDA:17,5,1,229
BRDA:20,6,0,230
BRDA:20,6,1,13
BRDA:21,7,0,230
BRDA:21,7,1,15
BRDA:22,8,0,230
BRDA:22,8,1,13
BRDA:23,9,0,230
BRDA:23,9,1,230
BRDA:26,10,0,230
BRDA:26,10,1,229
BRDA:31,11,0,230
BRDA:31,11,1,129
BRDA:32,12,0,230
BRDA:32,12,1,229
BRDA:35,13,0,230
BRDA:35,13,1,229
BRDA:36,14,0,230
BRDA:36,14,1,229
BRDA:37,15,0,230
BRDA:37,15,1,229
BRDA:44,16,0,230
BRDA:44,16,1,229
BRDA:51,17,0,230
BRDA:51,17,1,229
BRDA:52,18,0,230
BRDA:52,18,1,229
BRDA:53,19,0,230
BRDA:53,19,1,229
BRDA:56,20,0,230
BRDA:56,20,1,230
BRDA:57,21,0,230
BRDA:57,21,1,229
BRDA:58,22,0,230
BRDA:58,22,1,229
BRDA:61,23,0,230
BRDA:61,23,1,220
BRDA:68,24,0,230
BRDA:68,24,1,229
BRDA:69,25,0,230
BRDA:69,25,1,229
BRDA:70,26,0,230
BRDA:70,26,1,229
BRDA:71,27,0,230
BRDA:71,27,1,230
BRDA:72,28,0,230
BRDA:72,28,1,229
BRDA:88,29,0,2
BRDA:88,29,1,613
BRDA:97,30,0,2
BRDA:97,30,1,612
BRDA:115,31,0,0
BRDA:115,31,1,103
BRDA:118,32,0,47
BRDA:118,32,1,56
BRDA:120,33,0,56
BRDA:120,33,1,0
BRDA:142,34,0,112
BRDA:142,34,1,197
BRDA:145,35,0,27
BRDA:145,35,1,170
BRDA:148,36,0,2
BRDA:148,36,1,168
BRDA:176,37,0,309
BRDA:176,37,1,0
BRDA:219,38,0,1
BRDA:219,38,1,203
BRDA:224,39,0,0
BRDA:224,39,1,204
BRDA:224,40,0,204
BRDA:224,40,1,203
BRDA:228,41,0,1
BRDA:228,41,1,203
BRDA:232,42,0,0
BRDA:232,42,1,204
BRDA:232,43,0,204
BRDA:232,43,1,204
BRDA:236,44,0,0
BRDA:236,44,1,204
BRDA:236,45,0,204
BRDA:236,45,1,204
BRDA:240,46,0,0
BRDA:240,46,1,204
BRDA:240,47,0,204
BRDA:240,47,1,204
BRDA:245,48,0,0
BRDA:245,48,1,204
BRDA:250,49,0,0
BRDA:250,49,1,204
BRF:99
BRH:90
end_of_record
TN:
SF:models/CostAnomaly.js
FN:11,(anonymous_0)
FN:62,(anonymous_1)
FN:70,(anonymous_2)
FN:79,(anonymous_3)
FN:87,(anonymous_4)
FN:116,(anonymous_5)
FN:133,(anonymous_6)
FN:148,(anonymous_7)
FN:159,(anonymous_8)
FN:170,(anonymous_9)
FN:213,(anonymous_10)
FN:252,(anonymous_11)
FNF:12
FNH:11
FNDA:454,(anonymous_0)
FNDA:454,(anonymous_1)
FNDA:202,(anonymous_2)
FNDA:202,(anonymous_3)
FNDA:101,(anonymous_4)
FNDA:2,(anonymous_5)
FNDA:2,(anonymous_6)
FNDA:1,(anonymous_7)
FNDA:1,(anonymous_8)
FNDA:434,(anonymous_9)
FNDA:434,(anonymous_10)
FNDA:0,(anonymous_11)
DA:13,454
DA:14,454
DA:15,454
DA:16,454
DA:19,454
DA:20,454
DA:21,454
DA:24,454
DA:25,454
DA:26,454
DA:27,454
DA:30,454
DA:31,454
DA:32,454
DA:33,454
DA:36,454
DA:37,454
DA:38,454
DA:41,454
DA:42,454
DA:43,454
DA:44,454
DA:47,454
DA:48,454
DA:49,454
DA:52,454
DA:53,454
DA:54,454
DA:55,454
DA:63,454
DA:71,202
DA:72,198
DA:80,202
DA:88,101
DA:89,101
DA:92,101
DA:93,45
DA:97,56
DA:98,7
DA:102,49
DA:103,45
DA:107,4
DA:117,2
DA:118,1
DA:121,1
DA:122,1
DA:123,1
DA:124,1
DA:125,1
DA:134,2
DA:135,1
DA:138,1
DA:139,1
DA:140,1
DA:141,1
DA:149,1
DA:160,1
DA:171,434
DA:173,434
DA:174,1
DA:177,434
DA:178,1
DA:181,434
DA:182,434
DA:183,0
DA:186,434
DA:187,434
DA:188,0
DA:191,434
DA:192,0
DA:195,434
DA:196,0
DA:199,434
DA:200,0
DA:203,434
DA:214,434
DA:253,0
DA:257,15
LF:78
LH:72
BRDA:11,0,0,1
BRDA:13,1,0,454
BRDA:13,1,1,454
BRDA:14,2,0,454
BRDA:14,2,1,454
BRDA:15,3,0,454
BRDA:15,3,1,8
BRDA:16,4,0,454
BRDA:16,4,1,454
BRDA:19,5,0,454
BRDA:19,5,1,3
BRDA:20,6,0,454
BRDA:20,6,1,3
BRDA:21,7,0,454
BRDA:21,7,1,354
BRDA:24,8,0,454
BRDA:24,8,1,15
BRDA:25,9,0,454
BRDA:25,9,1,14
BRDA:26,10,0,454
BRDA:26,10,1,454
BRDA:27,11,0,454
BRDA:27,11,1,454
BRDA:30,12,0,454
BRDA:30,12,1,454
BRDA:31,13,0,454
BRDA:31,13,1,454
BRDA:32,14,0,454
BRDA:32,14,1,454
BRDA:33,15,0,454
BRDA:33,15,1,354
BRDA:36,16,0,454
BRDA:36,16,1,454
BRDA:37,17,0,454
BRDA:37,17,1,454
BRDA:38,18,0,454
BRDA:38,18,1,454
BRDA:41,19,0,454
BRDA:41,19,1,454
BRDA:42,20,0,454
BRDA:42,20,1,454
BRDA:43,21,0,454
BRDA:43,21,1,454
BRDA:44,22,0,454
BRDA:44,22,1,454
BRDA:47,23,0,454
BRDA:47,23,1,454
BRDA:48,24,0,454
BRDA:48,24,1,454
BRDA:49,25,0,454
BRDA:49,25,1,454
BRDA:52,26,0,454
BRDA:52,26,1,454
BRDA:53,27,0,454
BRDA:53,27,1,454
BRDA:54,28,0,454
BRDA:54,28,1,454
BRDA:55,29,0,454
BRDA:55,29,1,454
BRDA:71,30,0,4
BRDA:71,30,1,198
BRDA:92,31,0,45
BRDA:92,31,1,56
BRDA:92,32,0,101
BRDA:92,32,1,56
BRDA:97,33,0,7
BRDA:97,33,1,49
BRDA:97,34,0,56
BRDA:97,34,1,56
BRDA:102,35,0,45
BRDA:102,35,1,4
BRDA:102,36,0,49
BRDA:102,36,1,4
BRDA:116,37,0,1
BRDA:117,38,0,1
BRDA:117,38,1,1
BRDA:133,39,0,0
BRDA:134,40,0,1
BRDA:134,40,1,1
BRDA:173,41,0,1
BRDA:173,41,1,433
BRDA:177,42,0,1
BRDA:177,42,1,433
BRDA:182,43,0,0
BRDA:182,43,1,434
BRDA:182,44,0,434
BRDA:182,44,1,433
BRDA:187,45,0,0
BRDA:187,45,1,434
BRDA:191,46,0,0
BRDA:191,46,1,434
BRDA:191,47,0,434
BRDA:191,47,1,434
BRDA:195,48,0,0
BRDA:195,48,1,434
BRDA:195,49,0,434
BRDA:195,49,1,434
BRDA:199,50,0,0
BRDA:199,50,1,434
BRDA:199,51,0,434
BRDA:199,51,1,434
BRDA:199,51,2,434
BRF:102
BRH:96
end_of_record
TN:
SF:models/CostOptimization.js
FN:11,(anonymous_0)
FN:60,(anonymous_1)
FN:68,(anonymous_2)
FN:77,(anonymous_3)
FN:102,(anonymous_4)
FN:118,(anonymous_5)
FN:133,(anonymous_6)
FN:181,(anonymous_7)
FN:217,(anonymous_8)
FNF:9
FNH:8
FNDA:502,(anonymous_0)
FNDA:496,(anonymous_1)
FNDA:634,(anonymous_2)
FNDA:31,(anonymous_3)
FNDA:5,(anonymous_4)
FNDA:1,(anonymous_5)
FNDA:480,(anonymous_6)
FNDA:533,(anonymous_7)
FNDA:0,(anonymous_8)
DA:13,502
DA:14,0
DA:17,502
DA:18,502
DA:19,502
DA:20,502
DA:23,502
DA:24,502
DA:25,502
DA:26,502
DA:29,502
DA:30,502
DA:33,502
DA:34,502
DA:35,502
DA:36,502
DA:39,502
DA:40,502
DA:41,502
DA:42,502
DA:45,502
DA:46,502
DA:47,502
DA:48,502
DA:51,502
DA:52,502
DA:53,502
DA:61,496
DA:69,634
DA:70,633
DA:79,31
DA:80,5
DA:84,26
DA:85,0
DA:89,26
DA:90,25
DA:94,1
DA:103,5
DA:104,0
DA:107,5
DA:108,5
DA:109,5
DA:110,5
DA:119,1
DA:120,0
DA:123,1
DA:124,1
DA:125,1
DA:126,1
DA:134,480
DA:136,480
DA:137,5
DA:140,480
DA:141,4
DA:144,480
DA:145,480
DA:146,2
DA:149,480
DA:150,480
DA:151,2
DA:154,480
DA:155,480
DA:156,0
DA:159,480
DA:160,3
DA:163,480
DA:164,2
DA:167,480
DA:168,4
DA:171,480
DA:182,533
DA:218,0
DA:222,15
LF:73
LH:67
BRDA:11,0,0,1
BRDA:13,1,0,0
BRDA:13,1,1,502
BRDA:13,2,0,502
BRDA:13,2,1,502
BRDA:17,3,0,502
BRDA:17,3,1,496
BRDA:18,4,0,502
BRDA:18,4,1,8
BRDA:19,5,0,502
BRDA:19,5,1,32
BRDA:20,6,0,502
BRDA:20,6,1,496
BRDA:23,7,0,502
BRDA:23,7,1,7
BRDA:24,8,0,502
BRDA:24,8,1,17
BRDA:25,9,0,502
BRDA:25,9,1,20
BRDA:26,10,0,502
BRDA:26,10,1,65
BRDA:29,11,0,502
BRDA:29,11,1,359
BRDA:30,12,0,502
BRDA:30,12,1,353
BRDA:33,13,0,502
BRDA:33,13,1,496
BRDA:34,14,0,6
BRDA:34,14,1,496
BRDA:35,15,0,502
BRDA:35,15,1,501
BRDA:36,16,0,502
BRDA:36,16,1,501
BRDA:39,17,0,502
BRDA:39,17,1,478
BRDA:40,18,0,502
BRDA:40,18,1,502
BRDA:41,19,0,502
BRDA:41,19,1,496
BRDA:42,20,0,502
BRDA:42,20,1,496
BRDA:45,21,0,502
BRDA:45,21,1,502
BRDA:46,22,0,502
BRDA:46,22,1,502
BRDA:47,23,0,6
BRDA:47,23,1,496
BRDA:48,24,0,502
BRDA:48,24,1,502
BRDA:51,25,0,502
BRDA:51,25,1,496
BRDA:52,26,0,502
BRDA:52,26,1,502
BRDA:53,27,0,502
BRDA:53,27,1,496
BRDA:69,28,0,1
BRDA:69,28,1,633
BRDA:79,29,0,5
BRDA:79,29,1,26
BRDA:79,30,0,31
BRDA:79,30,1,27
BRDA:84,31,0,0
BRDA:84,31,1,26
BRDA:89,32,0,25
BRDA:89,32,1,1
BRDA:89,33,0,26
BRDA:89,33,1,25
BRDA:103,34,0,0
BRDA:103,34,1,5
BRDA:118,35,0,0
BRDA:119,36,0,0
BRDA:119,36,1,1
BRDA:136,37,0,5
BRDA:136,37,1,475
BRDA:140,38,0,4
BRDA:140,38,1,476
BRDA:145,39,0,2
BRDA:145,39,1,478
BRDA:145,40,0,480
BRDA:145,40,1,476
BRDA:150,41,0,2
BRDA:150,41,1,478
BRDA:155,42,0,0
BRDA:155,42,1,480
BRDA:159,43,0,3
BRDA:159,43,1,477
BRDA:159,44,0,480
BRDA:159,44,1,479
BRDA:163,45,0,2
BRDA:163,45,1,478
BRDA:163,46,0,480
BRDA:163,46,1,479
BRDA:167,47,0,4
BRDA:167,47,1,476
BRDA:167,48,0,480
BRDA:167,48,1,479
BRDA:167,48,2,478
BRF:97
BRH:91
end_of_record
TN:
SF:models/ResourceInventory.js
FN:11,(anonymous_0)
FN:47,(anonymous_1)
FN:81,(anonymous_2)
FN:103,(anonymous_3)
FNF:4
FNH:4
FNDA:826,(anonymous_0)
FNDA:712,(anonymous_1)
FNDA:1107,(anonymous_2)
FNDA:100,(anonymous_3)
DA:13,826
DA:14,826
DA:15,826
DA:16,826
DA:19,826
DA:20,826
DA:33,826
DA:36,826
DA:37,826
DA:38,826
DA:39,826
DA:40,826
DA:48,712
DA:50,712
DA:51,28
DA:54,712
DA:55,25
DA:58,712
DA:59,712
DA:60,3
DA:63,712
DA:64,25
DA:67,712
DA:68,4
DA:71,712
DA:82,1107
DA:104,100
DA:108,15
LF:28
LH:28
BRDA:11,0,0,1
BRDA:13,1,0,826
BRDA:13,1,1,27
BRDA:14,2,0,826
BRDA:14,2,1,25
BRDA:15,3,0,826
BRDA:15,3,1,25
BRDA:16,4,0,826
BRDA:16,4,1,724
BRDA:19,5,0,826
BRDA:19,5,1,47
BRDA:20,6,0,826
BRDA:20,6,1,589
BRDA:33,7,0,826
BRDA:33,7,1,591
BRDA:36,8,0,826
BRDA:36,8,1,825
BRDA:37,9,0,826
BRDA:37,9,1,591
BRDA:38,10,0,826
BRDA:38,10,1,726
BRDA:39,11,0,826
BRDA:39,11,1,579
BRDA:40,12,0,826
BRDA:40,12,1,726
BRDA:50,13,0,28
BRDA:50,13,1,684
BRDA:50,14,0,712
BRDA:50,14,1,685
BRDA:50,14,2,685
BRDA:54,15,0,25
BRDA:54,15,1,687
BRDA:59,16,0,3
BRDA:59,16,1,709
BRDA:59,17,0,712
BRDA:59,17,1,687
BRDA:63,18,0,25
BRDA:63,18,1,687
BRDA:67,19,0,4
BRDA:67,19,1,708
BRDA:67,20,0,712
BRDA:67,20,1,711
BRF:42
BRH:42
end_of_record
TN:
SF:models/index.js
FNF:0
FNH:0
DA:11,4
DA:12,4
DA:13,4
DA:14,4
DA:16,4
LF:5
LH:5
BRF:0
BRH:0
end_of_record
TN:
SF:routes/anomalies.js
FN:22,(anonymous_0)
FN:39,(anonymous_1)
FN:43,(anonymous_2)
FN:47,(anonymous_3)
FN:52,(anonymous_4)
FN:57,(anonymous_5)
FN:63,(anonymous_6)
FN:69,(anonymous_7)
FN:105,(anonymous_8)
FN:108,(anonymous_9)
FN:142,(anonymous_10)
FN:148,(anonymous_11)
FN:160,(anonymous_12)
FN:219,(anonymous_13)
FN:224,(anonymous_14)
FN:264,(anonymous_15)
FN:284,(anonymous_16)
FN:295,(anonymous_17)
FN:368,(anonymous_18)
FN:376,(anonymous_19)
FN:381,(anonymous_20)
FN:385,(anonymous_21)
FN:413,(anonymous_22)
FN:459,(anonymous_23)
FN:464,(anonymous_24)
FN:501,(anonymous_25)
FN:504,(anonymous_26)
FN:505,(anonymous_27)
FN:508,(anonymous_28)
FN:514,(anonymous_29)
FN:520,(anonymous_30)
FN:526,(anonymous_31)
FN:532,(anonymous_32)
FN:536,(anonymous_33)
FNF:34
FNH:28
FNDA:6,(anonymous_0)
FNDA:2,(anonymous_1)
FNDA:0,(anonymous_2)
FNDA:2,(anonymous_3)
FNDA:4,(anonymous_4)
FNDA:2,(anonymous_5)
FNDA:0,(anonymous_6)
FNDA:3,(anonymous_7)
FNDA:4,(anonymous_8)
FNDA:13,(anonymous_9)
FNDA:4,(anonymous_10)
FNDA:20,(anonymous_11)
FNDA:3,(anonymous_12)
FNDA:2,(anonymous_13)
FNDA:3,(anonymous_14)
FNDA:3,(anonymous_15)
FNDA:20,(anonymous_16)
FNDA:9,(anonymous_17)
FNDA:0,(anonymous_18)
FNDA:0,(anonymous_19)
FNDA:0,(anonymous_20)
FNDA:0,(anonymous_21)
FNDA:1,(anonymous_22)
FNDA:2,(anonymous_23)
FNDA:2,(anonymous_24)
FNDA:1,(anonymous_25)
FNDA:5,(anonymous_26)
FNDA:5,(anonymous_27)
FNDA:5,(anonymous_28)
FNDA:5,(anonymous_29)
FNDA:5,(anonymous_30)
FNDA:5,(anonymous_31)
FNDA:5,(anonymous_32)
FNDA:1,(anonymous_33)
DA:10,11
DA:11,11
DA:12,11
DA:15,11
DA:16,11
DA:22,11
DA:23,6
DA:33,6
DA:35,6
DA:38,6
DA:39,2
DA:42,6
DA:43,0
DA:46,6
DA:47,2
DA:50,6
DA:51,2
DA:52,4
DA:56,6
DA:57,1
DA:58,2
DA:62,6
DA:63,0
DA:64,0
DA:69,6
DA:72,6
DA:73,6
DA:74,6
DA:76,6
DA:90,0
DA:91,0
DA:105,11
DA:106,4
DA:107,4
DA:108,13
DA:110,4
DA:111,3
DA:119,1
DA:127,0
DA:128,0
DA:142,11
DA:143,4
DA:144,4
DA:147,4
DA:148,20
DA:150,4
DA:151,1
DA:160,3
DA:161,3
DA:162,1
DA:171,2
DA:194,2
DA:196,2
DA:204,0
DA:205,0
DA:219,11
DA:220,2
DA:221,2
DA:222,2
DA:224,3
DA:225,2
DA:226,1
DA:235,1
DA:236,1
DA:237,1
DA:238,1
DA:239,1
DA:241,1
DA:249,0
DA:250,0
DA:264,11
DA:265,3
DA:266,3
DA:268,3
DA:269,1
DA:277,2
DA:278,2
DA:280,2
DA:281,4
DA:283,4
DA:284,20
DA:286,4
DA:287,1
DA:291,1
DA:295,9
DA:296,3
DA:297,0
DA:301,0
DA:305,3
DA:328,3
DA:329,3
DA:332,0
DA:339,2
DA:353,0
DA:354,0
DA:368,11
DA:369,0
DA:370,0
DA:372,0
DA:375,0
DA:376,0
DA:379,0
DA:380,0
DA:381,0
DA:385,0
DA:387,0
DA:398,0
DA:399,0
DA:413,11
DA:414,1
DA:415,1
DA:417,1
DA:434,1
DA:436,1
DA:444,0
DA:445,0
DA:459,11
DA:460,2
DA:461,2
DA:462,2
DA:464,2
DA:465,2
DA:466,1
DA:474,1
DA:475,1
DA:476,1
DA:478,1
DA:486,0
DA:487,0
DA:501,11
DA:502,1
DA:503,1
DA:504,5
DA:505,5
DA:508,1
DA:509,5
DA:510,5
DA:514,1
DA:515,5
DA:516,5
DA:520,1
DA:521,5
DA:522,5
DA:526,1
DA:527,5
DA:531,1
DA:532,1
DA:533,5
DA:536,1
DA:538,1
DA:558,0
DA:559,0
DA:570,11
LF:153
LH:119
BRDA:31,0,0,6
BRDA:32,1,0,6
BRDA:38,2,0,1
BRDA:38,2,1,5
BRDA:42,3,0,0
BRDA:42,3,1,6
BRDA:46,4,0,1
BRDA:46,4,1,5
BRDA:50,5,0,2
BRDA:50,5,1,4
BRDA:56,6,0,1
BRDA:56,6,1,5
BRDA:62,7,0,0
BRDA:62,7,1,6
BRDA:110,8,0,3
BRDA:110,8,1,1
BRDA:150,9,0,1
BRDA:150,9,1,3
BRDA:161,10,0,1
BRDA:161,10,1,2
BRDA:173,11,0,2
BRDA:173,11,1,0
BRDA:176,12,0,2
BRDA:176,12,1,0
BRDA:177,13,0,2
BRDA:177,13,1,0
BRDA:180,14,0,2
BRDA:180,14,1,2
BRDA:181,15,0,2
BRDA:181,15,1,2
BRDA:182,16,0,2
BRDA:182,16,1,2
BRDA:183,17,0,2
BRDA:183,17,1,2
BRDA:184,18,0,2
BRDA:184,18,1,2
BRDA:185,19,0,2
BRDA:185,19,1,2
BRDA:190,20,0,2
BRDA:190,20,1,2
BRDA:225,21,0,1
BRDA:225,21,1,1
BRDA:237,22,0,1
BRDA:237,22,1,0
BRDA:238,23,0,1
BRDA:238,23,1,0
BRDA:268,24,0,1
BRDA:268,24,1,2
BRDA:268,25,0,3
BRDA:268,25,1,2
BRDA:286,26,0,1
BRDA:286,26,1,3
BRDA:288,27,0,1
BRDA:288,27,1,0
BRDA:296,28,0,0
BRDA:296,28,1,3
BRDA:307,29,0,3
BRDA:307,29,1,0
BRDA:310,30,0,3
BRDA:310,30,1,0
BRDA:311,31,0,3
BRDA:311,31,1,0
BRDA:314,32,0,3
BRDA:314,32,1,3
BRDA:315,33,0,3
BRDA:315,33,1,3
BRDA:316,34,0,3
BRDA:316,34,1,3
BRDA:317,35,0,3
BRDA:317,35,1,3
BRDA:318,36,0,3
BRDA:318,36,1,3
BRDA:319,37,0,3
BRDA:319,37,1,3
BRDA:324,38,0,3
BRDA:324,38,1,3
BRDA:333,39,0,0
BRDA:333,39,1,0
BRDA:375,40,0,0
BRDA:375,40,1,0
BRDA:379,41,0,0
BRDA:379,41,1,0
BRDA:418,42,0,1
BRDA:418,42,1,0
BRDA:419,43,0,1
BRDA:419,43,1,0
BRDA:420,44,0,1
BRDA:420,44,1,0
BRDA:421,45,0,1
BRDA:421,45,1,0
BRDA:422,46,0,1
BRDA:422,46,1,1
BRDA:423,47,0,1
BRDA:423,47,1,1
BRDA:424,48,0,1
BRDA:424,48,1,1
BRDA:425,49,0,1
BRDA:425,49,1,1
BRDA:426,50,0,1
BRDA:426,50,1,1
BRDA:465,51,0,1
BRDA:465,51,1,1
BRDA:476,52,0,1
BRDA:476,52,1,0
BRDA:509,53,0,5
BRDA:509,53,1,1
BRDA:515,54,0,5
BRDA:515,54,1,1
BRDA:521,55,0,5
BRDA:521,55,1,1
BRDA:550,56,0,1
BRDA:550,56,1,0
BRDA:551,57,0,1
BRDA:551,57,1,0
BRF:114
BRH:89
end_of_record
TN:
SF:routes/budgets.js
FN:24,(anonymous_0)
FN:38,(anonymous_1)
FN:42,(anonymous_2)
FN:46,(anonymous_3)
FN:83,(anonymous_4)
FN:86,(anonymous_5)
FN:120,(anonymous_6)
FN:126,(anonymous_7)
FN:138,(anonymous_8)
FN:199,(anonymous_9)
FN:204,(anonymous_10)
FN:244,(anonymous_11)
FN:247,(anonymous_12)
FN:276,(anonymous_13)
FN:282,(anonymous_14)
FN:324,(anonymous_15)
FN:329,(anonymous_16)
FN:334,(anonymous_17)
FN:364,(anonymous_18)
FN:402,(anonymous_19)
FN:406,(anonymous_20)
FN:443,(anonymous_21)
FN:448,(anonymous_22)
FN:452,(anonymous_23)
FN:482,(anonymous_24)
FN:488,(anonymous_25)
FN:531,(anonymous_26)
FN:537,(anonymous_27)
FN:578,(anonymous_28)
FN:581,(anonymous_29)
FN:582,(anonymous_30)
FN:586,(anonymous_31)
FN:592,(anonymous_32)
FN:597,(anonymous_33)
FN:598,(anonymous_34)
FN:612,(anonymous_35)
FNF:36
FNH:31
FNDA:4,(anonymous_0)
FNDA:0,(anonymous_1)
FNDA:0,(anonymous_2)
FNDA:0,(anonymous_3)
FNDA:2,(anonymous_4)
FNDA:2,(anonymous_5)
FNDA:3,(anonymous_6)
FNDA:9,(anonymous_7)
FNDA:1,(anonymous_8)
FNDA:2,(anonymous_9)
FNDA:2,(anonymous_10)
FNDA:1,(anonymous_11)
FNDA:1,(anonymous_12)
FNDA:2,(anonymous_13)
FNDA:2,(anonymous_14)
FNDA:1,(anonymous_15)
FNDA:1,(anonymous_16)
FNDA:0,(anonymous_17)
FNDA:2,(anonymous_18)
FNDA:2,(anonymous_19)
FNDA:4,(anonymous_20)
FNDA:1,(anonymous_21)
FNDA:1,(anonymous_22)
FNDA:0,(anonymous_23)
FNDA:3,(anonymous_24)
FNDA:3,(anonymous_25)
FNDA:2,(anonymous_26)
FNDA:4,(anonymous_27)
FNDA:1,(anonymous_28)
FNDA:1,(anonymous_29)
FNDA:1,(anonymous_30)
FNDA:1,(anonymous_31)
FNDA:1,(anonymous_32)
FNDA:2,(anonymous_33)
FNDA:2,(anonymous_34)
FNDA:1,(anonymous_35)
DA:10,11
DA:11,11
DA:12,11
DA:15,11
DA:16,11
DA:17,11
DA:18,11
DA:24,11
DA:25,4
DA:32,4
DA:34,4
DA:37,4
DA:38,1
DA:41,4
DA:42,1
DA:45,4
DA:46,1
DA:50,4
DA:51,4
DA:52,4
DA:54,4
DA:68,0
DA:69,0
DA:83,11
DA:84,2
DA:85,2
DA:86,2
DA:88,2
DA:89,1
DA:97,1
DA:105,0
DA:106,0
DA:120,11
DA:121,3
DA:122,3
DA:125,3
DA:126,9
DA:128,3
DA:129,1
DA:138,2
DA:139,2
DA:140,1
DA:149,1
DA:174,1
DA:176,1
DA:184,0
DA:185,0
DA:199,11
DA:200,2
DA:201,2
DA:202,2
DA:204,2
DA:205,2
DA:206,1
DA:215,1
DA:221,1
DA:229,0
DA:230,0
DA:244,11
DA:245,1
DA:246,1
DA:247,1
DA:249,1
DA:261,0
DA:262,0
DA:276,11
DA:277,2
DA:278,2
DA:279,2
DA:282,2
DA:283,2
DA:284,1
DA:292,1
DA:299,1
DA:301,1
DA:309,0
DA:310,0
DA:324,11
DA:325,1
DA:326,1
DA:327,1
DA:329,1
DA:332,1
DA:333,0
DA:334,0
DA:337,1
DA:349,0
DA:350,0
DA:364,11
DA:365,2
DA:366,2
DA:367,2
DA:369,2
DA:377,2
DA:379,2
DA:387,0
DA:388,0
DA:402,11
DA:403,2
DA:404,2
DA:406,4
DA:407,2
DA:408,1
DA:416,1
DA:417,1
DA:418,1
DA:420,1
DA:428,0
DA:429,0
DA:443,11
DA:444,1
DA:445,1
DA:446,1
DA:448,1
DA:451,1
DA:452,0
DA:455,1
DA:467,0
DA:468,0
DA:482,11
DA:483,3
DA:484,3
DA:485,3
DA:488,3
DA:489,3
DA:490,1
DA:498,2
DA:506,2
DA:508,2
DA:516,0
DA:517,0
DA:531,11
DA:532,2
DA:533,2
DA:534,2
DA:536,2
DA:537,4
DA:540,2
DA:541,1
DA:549,1
DA:555,1
DA:563,0
DA:564,0
DA:578,11
DA:579,1
DA:580,1
DA:581,1
DA:582,1
DA:583,1
DA:586,1
DA:587,1
DA:588,1
DA:592,1
DA:593,1
DA:594,1
DA:597,2
DA:598,2
DA:600,1
DA:612,1
DA:619,0
DA:620,0
DA:631,11
LF:162
LH:133
BRDA:30,0,0,4
BRDA:31,1,0,4
BRDA:37,2,0,1
BRDA:37,2,1,3
BRDA:41,3,0,1
BRDA:41,3,1,3
BRDA:45,4,0,1
BRDA:45,4,1,3
BRDA:88,5,0,1
BRDA:88,5,1,1
BRDA:128,6,0,1
BRDA:128,6,1,2
BRDA:139,7,0,1
BRDA:139,7,1,1
BRDA:152,8,0,1
BRDA:152,8,1,1
BRDA:154,9,0,1
BRDA:154,9,1,0
BRDA:155,10,0,1
BRDA:155,10,1,0
BRDA:156,11,0,1
BRDA:156,11,1,0
BRDA:157,12,0,1
BRDA:157,12,1,1
BRDA:158,13,0,1
BRDA:158,13,1,1
BRDA:205,14,0,1
BRDA:205,14,1,1
BRDA:283,15,0,1
BRDA:283,15,1,1
BRDA:332,16,0,0
BRDA:332,16,1,1
BRDA:406,17,0,4
BRDA:406,17,1,1
BRDA:407,18,0,1
BRDA:407,18,1,1
BRDA:418,19,0,1
BRDA:418,19,1,0
BRDA:451,20,0,0
BRDA:451,20,1,1
BRDA:489,21,0,1
BRDA:489,21,1,2
BRDA:537,22,0,4
BRDA:537,22,1,1
BRDA:540,23,0,1
BRDA:540,23,1,1
BRDA:582,24,0,1
BRDA:582,24,1,1
BRDA:583,25,0,1
BRDA:583,25,1,0
BRDA:587,26,0,1
BRDA:587,26,1,1
BRDA:593,27,0,1
BRDA:593,27,1,1
BRDA:611,28,0,1
BRDA:611,28,1,0
BRDA:612,29,0,1
BRDA:612,29,1,1
BRF:58
BRH:50
end_of_record
TN:
SF:routes/dashboard.js
FN:25,(anonymous_0)
FN:81,(anonymous_1)
FN:123,(anonymous_2)
FN:192,(anonymous_3)
FN:207,(anonymous_4)
FN:255,(anonymous_5)
FN:275,(anonymous_6)
FN:317,(anonymous_7)
FN:378,generateTrendData
FN:394,generateServiceDistribution
FN:404,generateRegionDistribution
FN:413,generateRiskDistribution
FN:422,generateTimeSeriesData
FN:439,generateSavingsWidget
FN:454,generateOptimizationsWidget
FN:465,generateAnomaliesWidget
FN:476,generateBudgetsWidget
FN:487,generateResourcesWidget
FN:498,generateRefreshSummary
FN:507,generateExportOverview
FN:524,generateExportSavings
FN:532,generateExportOptimizations
FN:540,convertToCSV
FN:544,(anonymous_23)
FNF:24
FNH:21
FNDA:1,(anonymous_0)
FNDA:2,(anonymous_1)
FNDA:1,(anonymous_2)
FNDA:2,(anonymous_3)
FNDA:7,(anonymous_4)
FNDA:1,(anonymous_5)
FNDA:0,(anonymous_6)
FNDA:2,(anonymous_7)
FNDA:6,generateTrendData
FNDA:3,generateServiceDistribution
FNDA:2,generateRegionDistribution
FNDA:2,generateRiskDistribution
FNDA:2,generateTimeSeriesData
FNDA:2,generateSavingsWidget
FNDA:1,generateOptimizationsWidget
FNDA:1,generateAnomaliesWidget
FNDA:2,generateBudgetsWidget
FNDA:1,generateResourcesWidget
FNDA:0,generateRefreshSummary
FNDA:1,generateExportOverview
FNDA:1,generateExportSavings
FNDA:0,generateExportOptimizations
FNDA:1,convertToCSV
FNDA:3,(anonymous_23)
DA:10,11
DA:11,11
DA:14,11
DA:15,11
DA:16,11
DA:17,11
DA:18,11
DA:19,11
DA:25,11
DA:26,1
DA:27,1
DA:31,1
DA:58,1
DA:60,1
DA:67,0
DA:68,0
DA:81,11
DA:82,2
DA:89,2
DA:91,2
DA:93,2
DA:95,2
DA:109,0
DA:110,0
DA:123,11
DA:124,1
DA:126,1
DA:169,1
DA:171,1
DA:178,0
DA:179,0
DA:192,11
DA:193,2
DA:199,2
DA:201,2
DA:205,2
DA:207,2
DA:208,7
DA:210,2
DA:211,2
DA:213,1
DA:214,1
DA:216,1
DA:217,1
DA:219,2
DA:220,2
DA:222,1
DA:223,1
DA:227,2
DA:229,2
DA:241,0
DA:242,0
DA:255,11
DA:256,1
DA:257,1
DA:259,1
DA:262,1
DA:270,1
DA:271,1
DA:275,1
DA:276,0
DA:284,0
DA:285,0
DA:288,0
DA:296,1
DA:303,0
DA:304,0
DA:317,11
DA:318,2
DA:325,2
DA:329,2
DA:331,1
DA:332,1
DA:334,1
DA:335,1
DA:337,0
DA:338,0
DA:340,0
DA:344,2
DA:345,1
DA:346,1
DA:347,1
DA:349,1
DA:350,1
DA:351,1
DA:364,2
DA:366,0
DA:367,0
DA:379,6
DA:380,6
DA:382,6
DA:383,186
DA:384,186
DA:391,6
DA:395,3
DA:405,2
DA:414,2
DA:423,2
DA:424,2
DA:426,2
DA:427,62
DA:428,62
DA:436,2
DA:440,2
DA:455,1
DA:466,1
DA:477,2
DA:488,1
DA:499,0
DA:508,1
DA:525,1
DA:533,0
DA:542,1
DA:543,1
DA:544,3
DA:545,1
DA:548,11
LF:117
LH:96
BRDA:27,0,0,1
BRDA:84,1,0,1
BRDA:85,2,0,2
BRDA:86,3,0,2
BRDA:195,4,0,0
BRDA:196,5,0,2
BRDA:201,6,0,1
BRDA:201,6,1,1
BRDA:208,7,0,2
BRDA:208,7,1,1
BRDA:208,7,2,1
BRDA:208,7,3,2
BRDA:208,7,4,1
BRDA:257,8,0,0
BRDA:257,9,0,1
BRDA:270,10,0,1
BRDA:270,10,1,0
BRDA:284,11,0,0
BRDA:284,11,1,0
BRDA:320,12,0,0
BRDA:321,13,0,0
BRDA:322,14,0,2
BRDA:329,15,0,1
BRDA:329,15,1,1
BRDA:329,15,2,0
BRDA:329,15,3,0
BRDA:344,16,0,1
BRDA:344,16,1,1
BRDA:379,17,0,0
BRDA:379,17,1,6
BRDA:379,18,0,6
BRDA:379,18,1,0
BRDA:379,19,0,0
BRDA:379,19,1,0
BRDA:423,20,0,0
BRDA:423,20,1,2
BRDA:423,21,0,2
BRDA:423,21,1,0
BRDA:423,22,0,0
BRDA:423,22,1,0
BRF:40
BRH:23
end_of_record
TN:
SF:routes/index.js
FN:14,(anonymous_0)
FN:35,(anonymous_1)
FNF:2
FNH:2
FNDA:2,(anonymous_0)
FNDA:1,(anonymous_1)
DA:10,11
DA:11,11
DA:14,11
DA:15,2
DA:35,11
DA:36,1
DA:78,11
LF:7
LH:7
BRF:0
BRH:0
end_of_record
TN:
SF:routes/integration.js
FN:22,(anonymous_0)
FN:231,(anonymous_1)
FN:272,(anonymous_2)
FN:313,(anonymous_3)
FN:354,(anonymous_4)
FN:395,(anonymous_5)
FN:436,(anonymous_6)
FN:448,(anonymous_7)
FN:449,(anonymous_8)
FN:450,(anonymous_9)
FN:454,(anonymous_10)
FN:493,(anonymous_11)
FN:501,(anonymous_12)
FN:505,(anonymous_13)
FN:509,(anonymous_14)
FN:513,(anonymous_15)
FN:543,(anonymous_16)
FN:555,(anonymous_17)
FN:556,(anonymous_18)
FN:557,(anonymous_19)
FNF:20
FNH:20
FNDA:5,(anonymous_0)
FNDA:1,(anonymous_1)
FNDA:1,(anonymous_2)
FNDA:1,(anonymous_3)
FNDA:1,(anonymous_4)
FNDA:1,(anonymous_5)
FNDA:1,(anonymous_6)
FNDA:6,(anonymous_7)
FNDA:2,(anonymous_8)
FNDA:2,(anonymous_9)
FNDA:9,(anonymous_10)
FNDA:2,(anonymous_11)
FNDA:6,(anonymous_12)
FNDA:2,(anonymous_13)
FNDA:4,(anonymous_14)
FNDA:10,(anonymous_15)
FNDA:1,(anonymous_16)
FNDA:6,(anonymous_17)
FNDA:2,(anonymous_18)
FNDA:2,(anonymous_19)
DA:10,11
DA:11,11
DA:14,11
DA:15,11
DA:16,11
DA:22,11
DA:24,5
DA:25,1
DA:26,1
DA:32,1
DA:34,1
DA:37,1
DA:38,1
DA:44,1
DA:51,0
DA:52,0
DA:59,1
DA:63,4
DA:64,1
DA:65,1
DA:71,1
DA:73,1
DA:76,1
DA:77,1
DA:83,1
DA:90,0
DA:91,0
DA:98,1
DA:102,3
DA:103,1
DA:104,1
DA:110,1
DA:112,1
DA:115,1
DA:116,1
DA:122,1
DA:129,0
DA:130,0
DA:137,1
DA:141,2
DA:142,1
DA:143,1
DA:149,1
DA:151,1
DA:154,1
DA:155,1
DA:161,1
DA:168,0
DA:169,0
DA:176,1
DA:180,1
DA:181,1
DA:182,1
DA:188,1
DA:190,1
DA:193,1
DA:194,1
DA:200,1
DA:207,0
DA:208,0
DA:215,1
DA:219,0
DA:231,11
DA:232,1
DA:233,1
DA:239,1
DA:241,1
DA:244,1
DA:245,1
DA:251,1
DA:258,0
DA:259,0
DA:272,11
DA:273,1
DA:274,1
DA:280,1
DA:282,1
DA:285,1
DA:286,1
DA:292,1
DA:299,0
DA:300,0
DA:313,11
DA:314,1
DA:315,1
DA:321,1
DA:323,1
DA:326,1
DA:327,1
DA:333,1
DA:340,0
DA:341,0
DA:354,11
DA:355,1
DA:356,1
DA:362,1
DA:364,1
DA:367,1
DA:368,1
DA:374,1
DA:381,0
DA:382,0
DA:395,11
DA:396,1
DA:397,1
DA:403,1
DA:405,1
DA:408,1
DA:409,1
DA:415,1
DA:422,0
DA:423,0
DA:436,11
DA:437,1
DA:438,1
DA:447,1
DA:448,6
DA:449,2
DA:450,2
DA:453,1
DA:454,9
DA:455,1
DA:459,1
DA:460,1
DA:461,1
DA:463,1
DA:464,0
DA:465,1
DA:466,0
DA:469,0
DA:472,1
DA:479,0
DA:480,0
DA:493,11
DA:494,2
DA:495,2
DA:497,2
DA:500,2
DA:501,6
DA:504,2
DA:505,2
DA:508,2
DA:509,4
DA:513,10
DA:516,2
DA:518,2
DA:529,0
DA:530,0
DA:543,11
DA:544,1
DA:545,1
DA:546,1
DA:548,1
DA:555,6
DA:556,2
DA:557,2
DA:559,1
DA:565,1
DA:571,1
DA:573,1
DA:575,1
DA:587,0
DA:588,0
DA:597,11
LF:164
LH:134
BRDA:24,0,0,1
BRDA:24,0,1,4
BRDA:37,1,0,1
BRDA:37,1,1,0
BRDA:63,2,0,1
BRDA:63,2,1,3
BRDA:76,3,0,1
BRDA:76,3,1,0
BRDA:102,4,0,1
BRDA:102,4,1,2
BRDA:115,5,0,1
BRDA:115,5,1,0
BRDA:141,6,0,1
BRDA:141,6,1,1
BRDA:154,7,0,1
BRDA:154,7,1,0
BRDA:180,8,0,1
BRDA:180,8,1,0
BRDA:193,9,0,1
BRDA:193,9,1,0
BRDA:244,10,0,1
BRDA:244,10,1,0
BRDA:285,11,0,1
BRDA:285,11,1,0
BRDA:326,12,0,1
BRDA:326,12,1,0
BRDA:367,13,0,1
BRDA:367,13,1,0
BRDA:408,14,0,1
BRDA:408,14,1,0
BRDA:453,15,0,1
BRDA:453,15,1,0
BRDA:459,16,0,1
BRDA:459,16,1,0
BRDA:463,17,0,0
BRDA:463,17,1,1
BRDA:465,18,0,0
BRDA:465,18,1,1
BRDA:495,19,0,2
BRDA:500,20,0,1
BRDA:500,20,1,1
BRDA:500,21,0,2
BRDA:500,21,1,1
BRDA:504,22,0,1
BRDA:504,22,1,1
BRDA:504,23,0,2
BRDA:504,23,1,1
BRDA:508,24,0,2
BRDA:508,24,1,0
BRDA:508,25,0,2
BRDA:508,25,1,1
BRDA:545,26,0,0
BRF:52
BRH:35
end_of_record
TN:
SF:routes/optimizations.js
FN:21,(anonymous_0)
FN:41,(anonymous_1)
FN:45,(anonymous_2)
FN:49,(anonymous_3)
FN:53,(anonymous_4)
FN:57,(anonymous_5)
FN:61,(anonymous_6)
FN:65,(anonymous_7)
FN:69,(anonymous_8)
FN:102,(anonymous_9)
FN:121,(anonymous_10)
FN:145,(anonymous_11)
FN:160,(anonymous_12)
FN:173,(anonymous_13)
FN:199,(anonymous_14)
FN:226,(anonymous_15)
FN:227,(anonymous_16)
FN:287,(anonymous_17)
FN:291,(anonymous_18)
FN:325,(anonymous_19)
FN:330,(anonymous_20)
FN:378,(anonymous_21)
FN:393,(anonymous_22)
FNF:23
FNH:19
FNDA:9,(anonymous_0)
FNDA:0,(anonymous_1)
FNDA:16,(anonymous_2)
FNDA:6,(anonymous_3)
FNDA:0,(anonymous_4)
FNDA:0,(anonymous_5)
FNDA:6,(anonymous_6)
FNDA:0,(anonymous_7)
FNDA:50,(anonymous_8)
FNDA:32,(anonymous_9)
FNDA:46,(anonymous_10)
FNDA:188,(anonymous_11)
FNDA:2,(anonymous_12)
FNDA:214,(anonymous_13)
FNDA:6,(anonymous_14)
FNDA:6,(anonymous_15)
FNDA:45,(anonymous_16)
FNDA:4,(anonymous_17)
FNDA:36,(anonymous_18)
FNDA:2,(anonymous_19)
FNDA:18,(anonymous_20)
FNDA:1,(anonymous_21)
FNDA:9,(anonymous_22)
DA:10,11
DA:11,11
DA:12,11
DA:15,11
DA:21,11
DA:22,9
DA:35,9
DA:37,9
DA:40,9
DA:41,0
DA:44,9
DA:45,16
DA:48,9
DA:49,6
DA:52,9
DA:53,0
DA:56,9
DA:57,0
DA:60,9
DA:61,6
DA:64,9
DA:65,0
DA:69,9
DA:70,50
DA:71,50
DA:74,50
DA:75,50
DA:79,0
DA:80,0
DA:83,0
DA:87,9
DA:88,9
DA:89,9
DA:91,9
DA:93,9
DA:102,32
DA:107,0
DA:108,0
DA:121,11
DA:122,46
DA:123,46
DA:126,46
DA:129,46
DA:130,46
DA:131,17
DA:141,29
DA:144,29
DA:145,188
DA:150,29
DA:152,1
DA:153,1
DA:156,1
DA:157,1
DA:160,2
DA:165,28
DA:166,28
DA:169,28
DA:170,28
DA:173,214
DA:178,29
DA:185,0
DA:186,0
DA:199,11
DA:200,6
DA:201,6
DA:203,6
DA:205,6
DA:206,1
DA:214,5
DA:215,0
DA:223,5
DA:224,5
DA:226,5
DA:227,45
DA:229,6
DA:230,1
DA:234,1
DA:237,5
DA:239,5
DA:241,5
DA:242,1
DA:245,5
DA:246,5
DA:247,5
DA:249,0
DA:256,5
DA:267,5
DA:268,1
DA:271,5
DA:273,0
DA:274,0
DA:287,11
DA:288,4
DA:289,4
DA:291,36
DA:293,4
DA:294,2
DA:302,2
DA:304,2
DA:311,0
DA:312,0
DA:325,11
DA:326,2
DA:327,2
DA:328,2
DA:330,18
DA:332,2
DA:333,1
DA:341,1
DA:344,1
DA:345,1
DA:347,0
DA:348,0
DA:349,0
DA:353,1
DA:355,1
DA:357,1
DA:364,0
DA:365,0
DA:378,11
DA:379,1
DA:380,1
DA:391,1
DA:393,1
DA:395,9
DA:398,9
DA:401,9
DA:404,9
DA:406,9
DA:407,4
DA:410,9
DA:411,1
DA:415,9
DA:419,1
DA:422,1
DA:424,1
DA:431,0
DA:432,0
DA:441,11
LF:139
LH:115
BRDA:31,0,0,8
BRDA:32,1,0,8
BRDA:33,2,0,8
BRDA:34,3,0,8
BRDA:40,4,0,0
BRDA:40,4,1,9
BRDA:44,5,0,2
BRDA:44,5,1,7
BRDA:48,6,0,2
BRDA:48,6,1,7
BRDA:52,7,0,0
BRDA:52,7,1,9
BRDA:56,8,0,0
BRDA:56,8,1,9
BRDA:60,9,0,2
BRDA:60,9,1,7
BRDA:64,10,0,0
BRDA:64,10,1,9
BRDA:74,11,0,50
BRDA:74,11,1,0
BRDA:74,12,0,50
BRDA:74,12,1,50
BRDA:75,13,0,50
BRDA:75,13,1,0
BRDA:79,14,0,0
BRDA:79,14,1,0
BRDA:79,15,0,0
BRDA:79,15,1,0
BRDA:80,16,0,0
BRDA:80,16,1,0
BRDA:130,17,0,17
BRDA:130,17,1,29
BRDA:145,18,0,188
BRDA:145,18,1,1
BRDA:145,18,2,1
BRDA:150,19,0,1
BRDA:150,19,1,28
BRDA:156,20,0,1
BRDA:156,20,1,0
BRDA:169,21,0,28
BRDA:169,21,1,0
BRDA:181,22,0,1
BRDA:181,22,1,28
BRDA:205,23,0,1
BRDA:205,23,1,5
BRDA:205,24,0,6
BRDA:205,24,1,5
BRDA:205,24,2,5
BRDA:214,25,0,0
BRDA:214,25,1,5
BRDA:229,26,0,1
BRDA:229,26,1,5
BRDA:239,27,0,5
BRDA:239,27,1,0
BRDA:241,28,0,1
BRDA:241,28,1,4
BRDA:267,29,0,1
BRDA:267,29,1,4
BRDA:293,30,0,2
BRDA:293,30,1,2
BRDA:332,31,0,1
BRDA:332,31,1,1
BRDA:344,32,0,1
BRDA:344,32,1,0
BRDA:344,33,0,1
BRDA:344,33,1,1
BRDA:348,34,0,0
BRDA:348,34,1,0
BRDA:395,35,0,9
BRDA:395,35,1,3
BRDA:398,36,0,9
BRDA:398,36,1,2
BRDA:401,37,0,9
BRDA:401,37,1,2
BRDA:404,38,0,9
BRDA:404,38,1,0
BRDA:406,39,0,4
BRDA:406,39,1,5
BRDA:406,40,0,9
BRDA:406,40,1,6
BRDA:407,41,0,4
BRDA:407,41,1,0
BRDA:410,42,0,1
BRDA:410,42,1,8
BRDA:411,43,0,1
BRDA:411,43,1,0
BRDA:415,44,0,9
BRDA:415,44,1,0
BRDA:419,45,0,1
BRDA:419,45,1,0
BRF:90
BRH:66
end_of_record
TN:
SF:routes/pricing.js
FN:24,(anonymous_0)
FN:42,(anonymous_1)
FN:46,(anonymous_2)
FN:50,(anonymous_3)
FN:54,(anonymous_4)
FN:58,(anonymous_5)
FN:62,(anonymous_6)
FN:66,(anonymous_7)
FN:97,(anonymous_8)
FN:118,(anonymous_9)
FN:126,(anonymous_10)
FN:161,(anonymous_11)
FN:196,(anonymous_12)
FN:204,(anonymous_13)
FN:208,(anonymous_14)
FN:212,(anonymous_15)
FN:216,(anonymous_16)
FN:220,(anonymous_17)
FN:243,(anonymous_18)
FN:292,(anonymous_19)
FN:300,(anonymous_20)
FN:304,(anonymous_21)
FN:308,(anonymous_22)
FN:312,(anonymous_23)
FN:335,(anonymous_24)
FN:383,(anonymous_25)
FN:391,(anonymous_26)
FN:395,(anonymous_27)
FN:399,(anonymous_28)
FN:403,(anonymous_29)
FN:426,(anonymous_30)
FN:473,(anonymous_31)
FN:500,(anonymous_32)
FN:526,formatPricingForCharts
FN:529,(anonymous_34)
FN:544,(anonymous_35)
FN:550,(anonymous_36)
FN:563,(anonymous_37)
FN:576,(anonymous_38)
FN:583,formatPricingSummary
FN:585,(anonymous_40)
FN:587,(anonymous_41)
FN:591,(anonymous_42)
FN:597,(anonymous_43)
FN:603,(anonymous_44)
FN:607,(anonymous_45)
FNF:46
FNH:28
FNDA:7,(anonymous_0)
FNDA:0,(anonymous_1)
FNDA:0,(anonymous_2)
FNDA:0,(anonymous_3)
FNDA:0,(anonymous_4)
FNDA:0,(anonymous_5)
FNDA:0,(anonymous_6)
FNDA:0,(anonymous_7)
FNDA:0,(anonymous_8)
FNDA:2,(anonymous_9)
FNDA:6,(anonymous_10)
FNDA:0,(anonymous_11)
FNDA:1,(anonymous_12)
FNDA:0,(anonymous_13)
FNDA:0,(anonymous_14)
FNDA:0,(anonymous_15)
FNDA:0,(anonymous_16)
FNDA:0,(anonymous_17)
FNDA:1,(anonymous_18)
FNDA:3,(anonymous_19)
FNDA:1,(anonymous_20)
FNDA:1,(anonymous_21)
FNDA:0,(anonymous_22)
FNDA:0,(anonymous_23)
FNDA:1,(anonymous_24)
FNDA:4,(anonymous_25)
FNDA:1,(anonymous_26)
FNDA:1,(anonymous_27)
FNDA:1,(anonymous_28)
FNDA:0,(anonymous_29)
FNDA:1,(anonymous_30)
FNDA:1,(anonymous_31)
FNDA:1,(anonymous_32)
FNDA:2,formatPricingForCharts
FNDA:1,(anonymous_34)
FNDA:1,(anonymous_35)
FNDA:1,(anonymous_36)
FNDA:1,(anonymous_37)
FNDA:1,(anonymous_38)
FNDA:2,formatPricingSummary
FNDA:1,(anonymous_40)
FNDA:1,(anonymous_41)
FNDA:1,(anonymous_42)
FNDA:1,(anonymous_43)
FNDA:0,(anonymous_44)
FNDA:1,(anonymous_45)
DA:10,11
DA:11,11
DA:14,11
DA:15,11
DA:16,11
DA:17,11
DA:18,11
DA:24,11
DA:25,7
DA:36,7
DA:38,7
DA:41,7
DA:42,1
DA:45,7
DA:46,0
DA:49,7
DA:50,0
DA:53,7
DA:54,1
DA:57,7
DA:58,1
DA:61,7
DA:62,1
DA:66,7
DA:70,7
DA:71,1
DA:72,6
DA:73,1
DA:76,5
DA:77,5
DA:78,5
DA:81,7
DA:83,7
DA:91,7
DA:92,5
DA:97,0
DA:102,7
DA:104,0
DA:105,0
DA:118,11
DA:119,2
DA:120,2
DA:122,2
DA:125,2
DA:126,6
DA:128,2
DA:129,1
DA:138,1
DA:160,1
DA:161,0
DA:165,1
DA:167,0
DA:168,0
DA:171,1
DA:172,1
DA:175,1
DA:182,0
DA:183,0
DA:196,11
DA:197,1
DA:198,1
DA:200,1
DA:203,1
DA:204,0
DA:207,1
DA:208,0
DA:211,1
DA:212,0
DA:215,1
DA:216,0
DA:220,1
DA:222,1
DA:229,0
DA:230,0
DA:243,11
DA:244,1
DA:245,1
DA:247,1
DA:269,1
DA:271,1
DA:278,0
DA:279,0
DA:292,11
DA:293,3
DA:294,3
DA:296,3
DA:299,3
DA:300,1
DA:303,3
DA:304,1
DA:307,3
DA:308,0
DA:312,3
DA:314,3
DA:321,0
DA:322,0
DA:335,11
DA:336,1
DA:337,1
DA:339,1
DA:360,1
DA:362,1
DA:369,0
DA:370,0
DA:383,11
DA:384,4
DA:385,4
DA:387,4
DA:390,4
DA:391,1
DA:394,4
DA:395,1
DA:398,4
DA:399,1
DA:403,4
DA:405,4
DA:412,0
DA:413,0
DA:426,11
DA:427,1
DA:428,1
DA:430,1
DA:450,1
DA:452,1
DA:459,0
DA:460,0
DA:473,11
DA:474,1
DA:475,1
DA:477,1
DA:479,1
DA:486,0
DA:487,0
DA:500,11
DA:501,1
DA:502,1
DA:504,1
DA:506,1
DA:513,0
DA:514,0
DA:528,2
DA:529,2
DA:530,1
DA:531,1
DA:538,1
DA:539,1
DA:540,1
DA:544,2
DA:545,1
DA:549,2
DA:550,2
DA:551,1
DA:552,1
DA:558,1
DA:559,1
DA:563,2
DA:571,2
DA:576,1
DA:584,2
DA:585,2
DA:586,2
DA:587,1
DA:590,2
DA:591,2
DA:592,1
DA:596,2
DA:597,2
DA:598,1
DA:602,2
DA:603,0
DA:607,2
DA:608,1
DA:613,2
DA:626,11
LF:174
LH:142
BRDA:33,0,0,5
BRDA:34,1,0,7
BRDA:35,2,0,7
BRDA:41,3,0,1
BRDA:41,3,1,6
BRDA:45,4,0,0
BRDA:45,4,1,7
BRDA:49,5,0,0
BRDA:49,5,1,7
BRDA:53,6,0,1
BRDA:53,6,1,6
BRDA:57,7,0,1
BRDA:57,7,1,6
BRDA:61,8,0,1
BRDA:61,8,1,6
BRDA:70,9,0,1
BRDA:70,9,1,6
BRDA:72,10,0,1
BRDA:72,10,1,5
BRDA:81,11,0,5
BRDA:81,11,1,2
BRDA:91,12,0,5
BRDA:91,12,1,2
BRDA:128,13,0,1
BRDA:128,13,1,1
BRDA:139,14,0,1
BRDA:139,14,1,0
BRDA:142,15,0,1
BRDA:142,15,1,1
BRDA:143,16,0,1
BRDA:143,16,1,1
BRDA:144,17,0,1
BRDA:144,17,1,1
BRDA:145,18,0,1
BRDA:145,18,1,1
BRDA:147,19,0,1
BRDA:147,19,1,1
BRDA:148,20,0,1
BRDA:148,20,1,0
BRDA:149,21,0,1
BRDA:149,21,1,1
BRDA:150,22,0,1
BRDA:150,22,1,1
BRDA:151,23,0,1
BRDA:151,23,1,1
BRDA:152,24,0,1
BRDA:152,24,1,1
BRDA:153,25,0,1
BRDA:153,25,1,1
BRDA:154,26,0,1
BRDA:154,26,1,1
BRDA:155,27,0,1
BRDA:155,27,1,1
BRDA:161,28,0,0
BRDA:161,28,1,0
BRDA:165,29,0,0
BRDA:165,29,1,1
BRDA:178,30,0,0
BRDA:178,30,1,1
BRDA:203,31,0,0
BRDA:203,31,1,1
BRDA:207,32,0,0
BRDA:207,32,1,1
BRDA:211,33,0,0
BRDA:211,33,1,1
BRDA:215,34,0,0
BRDA:215,34,1,1
BRDA:248,35,0,1
BRDA:248,35,1,1
BRDA:251,36,0,1
BRDA:251,36,1,1
BRDA:252,37,0,1
BRDA:252,37,1,1
BRDA:253,38,0,1
BRDA:253,38,1,1
BRDA:256,39,0,1
BRDA:256,39,1,1
BRDA:259,40,0,1
BRDA:259,40,1,1
BRDA:260,41,0,1
BRDA:260,41,1,1
BRDA:261,42,0,1
BRDA:261,42,1,1
BRDA:262,43,0,1
BRDA:262,43,1,1
BRDA:263,44,0,1
BRDA:263,44,1,1
BRDA:264,45,0,1
BRDA:264,45,1,1
BRDA:265,46,0,1
BRDA:265,46,1,1
BRDA:299,47,0,1
BRDA:299,47,1,2
BRDA:303,48,0,1
BRDA:303,48,1,2
BRDA:307,49,0,0
BRDA:307,49,1,3
BRDA:340,50,0,1
BRDA:340,50,1,1
BRDA:343,51,0,1
BRDA:343,51,1,1
BRDA:349,52,0,1
BRDA:349,52,1,1
BRDA:350,53,0,1
BRDA:350,53,1,1
BRDA:351,54,0,1
BRDA:351,54,1,1
BRDA:352,55,0,1
BRDA:352,55,1,1
BRDA:353,56,0,1
BRDA:353,56,1,1
BRDA:354,57,0,1
BRDA:354,57,1,1
BRDA:355,58,0,1
BRDA:355,58,1,1
BRDA:356,59,0,1
BRDA:356,59,1,1
BRDA:390,60,0,1
BRDA:390,60,1,3
BRDA:394,61,0,1
BRDA:394,61,1,3
BRDA:398,62,0,1
BRDA:398,62,1,3
BRDA:431,63,0,1
BRDA:431,63,1,1
BRDA:433,64,0,1
BRDA:433,64,1,1
BRDA:434,65,0,1
BRDA:434,65,1,1
BRDA:440,66,0,1
BRDA:440,66,1,1
BRDA:441,67,0,1
BRDA:441,67,1,1
BRDA:442,68,0,1
BRDA:442,68,1,1
BRDA:443,69,0,1
BRDA:443,69,1,1
BRDA:444,70,0,1
BRDA:444,70,1,1
BRDA:445,71,0,1
BRDA:445,71,1,1
BRDA:446,72,0,1
BRDA:446,72,1,1
BRDA:530,73,0,1
BRDA:530,73,1,0
BRDA:545,74,0,1
BRDA:545,74,1,0
BRDA:551,75,0,1
BRDA:551,75,1,0
BRDA:586,76,0,1
BRDA:586,76,1,1
BRDA:592,77,0,1
BRDA:592,77,1,1
BRDA:598,78,0,1
BRDA:598,78,1,1
BRDA:608,79,0,1
BRDA:608,79,1,1
BRDA:608,79,2,0
BRDA:621,80,0,1
BRDA:621,80,1,1
BRF:160
BRH:143
end_of_record
TN:
SF:routes/resources.js
FN:21,(anonymous_0)
FN:42,(anonymous_1)
FN:46,(anonymous_2)
FN:50,(anonymous_3)
FN:54,(anonymous_4)
FN:59,(anonymous_5)
FN:64,(anonymous_6)
FN:88,(anonymous_7)
FN:94,(anonymous_8)
FN:147,(anonymous_9)
FN:169,(anonymous_10)
FN:190,(anonymous_11)
FN:240,(anonymous_12)
FN:245,(anonymous_13)
FN:284,(anonymous_14)
FN:289,(anonymous_15)
FN:329,(anonymous_16)
FN:340,(anonymous_17)
FN:379,formatResourcesForChart
FN:382,(anonymous_19)
FN:398,(anonymous_20)
FN:413,(anonymous_21)
FN:426,(anonymous_22)
FN:433,formatResourcesSummary
FN:435,(anonymous_24)
FN:440,(anonymous_25)
FN:446,(anonymous_26)
FN:451,(anonymous_27)
FN:454,(anonymous_28)
FNF:29
FNH:28
FNDA:109,(anonymous_0)
FNDA:167,(anonymous_1)
FNDA:91,(anonymous_2)
FNDA:61,(anonymous_3)
FNDA:0,(anonymous_4)
FNDA:2,(anonymous_5)
FNDA:2,(anonymous_6)
FNDA:8755,(anonymous_7)
FNDA:8660,(anonymous_8)
FNDA:8763,(anonymous_9)
FNDA:257,(anonymous_10)
FNDA:15789,(anonymous_11)
FNDA:31,(anonymous_12)
FNDA:3542,(anonymous_13)
FNDA:10,(anonymous_14)
FNDA:761,(anonymous_15)
FNDA:9,(anonymous_16)
FNDA:169,(anonymous_17)
FNDA:1,formatResourcesForChart
FNDA:2,(anonymous_19)
FNDA:2,(anonymous_20)
FNDA:2,(anonymous_21)
FNDA:2,(anonymous_22)
FNDA:1,formatResourcesSummary
FNDA:2,(anonymous_24)
FNDA:2,(anonymous_25)
FNDA:2,(anonymous_26)
FNDA:2,(anonymous_27)
FNDA:2,(anonymous_28)
DA:10,11
DA:11,11
DA:12,11
DA:15,11
DA:21,11
DA:22,109
DA:36,109
DA:38,109
DA:41,109
DA:42,167
DA:45,109
DA:46,91
DA:49,109
DA:50,61
DA:53,109
DA:54,0
DA:57,109
DA:58,1
DA:59,2
DA:62,109
DA:63,1
DA:64,1
DA:65,2
DA:66,2
DA:71,109
DA:72,100
DA:74,100
DA:76,1
DA:77,1
DA:79,99
DA:80,99
DA:82,0
DA:83,0
DA:85,0
DA:88,100
DA:89,8755
DA:94,109
DA:95,8660
DA:96,8660
DA:99,8660
DA:100,1
DA:104,8659
DA:105,8659
DA:109,0
DA:110,0
DA:115,0
DA:120,109
DA:121,1
DA:122,108
DA:123,1
DA:126,107
DA:127,107
DA:128,107
DA:131,109
DA:133,109
DA:141,109
DA:142,107
DA:147,8763
DA:153,109
DA:155,0
DA:156,0
DA:169,11
DA:170,257
DA:171,257
DA:174,257
DA:177,257
DA:178,257
DA:179,33
DA:189,224
DA:190,15789
DA:193,224
DA:195,2
DA:196,2
DA:199,2
DA:200,2
DA:207,222
DA:208,222
DA:211,222
DA:212,222
DA:219,224
DA:226,0
DA:227,0
DA:240,11
DA:241,31
DA:242,31
DA:243,31
DA:245,31
DA:246,3542
DA:247,3
DA:249,3539
DA:252,31
DA:253,25
DA:261,6
DA:263,6
DA:270,0
DA:271,0
DA:284,11
DA:285,10
DA:286,10
DA:287,10
DA:289,10
DA:290,761
DA:291,0
DA:293,761
DA:296,10
DA:297,2
DA:305,8
DA:306,8
DA:308,8
DA:315,0
DA:316,0
DA:329,11
DA:330,9
DA:331,9
DA:340,9
DA:342,169
DA:345,169
DA:348,169
DA:351,169
DA:354,169
DA:357,9
DA:359,9
DA:366,0
DA:367,0
DA:381,1
DA:382,1
DA:383,2
DA:384,2
DA:391,2
DA:392,2
DA:393,2
DA:397,1
DA:398,1
DA:399,2
DA:400,2
DA:407,2
DA:408,2
DA:409,2
DA:413,2
DA:421,1
DA:426,2
DA:434,1
DA:435,2
DA:436,1
DA:439,1
DA:440,1
DA:441,2
DA:445,1
DA:446,1
DA:447,2
DA:451,2
DA:454,1
DA:455,2
DA:458,1
DA:471,11
LF:155
LH:137
BRDA:30,0,0,99
BRDA:31,1,0,107
BRDA:32,2,0,98
BRDA:33,3,0,100
BRDA:34,4,0,108
BRDA:35,5,0,108
BRDA:41,6,0,5
BRDA:41,6,1,104
BRDA:45,7,0,5
BRDA:45,7,1,104
BRDA:49,8,0,4
BRDA:49,8,1,105
BRDA:53,9,0,0
BRDA:53,9,1,109
BRDA:57,10,0,1
BRDA:57,10,1,108
BRDA:62,11,0,1
BRDA:62,11,1,108
BRDA:65,12,0,2
BRDA:65,12,1,0
BRDA:71,13,0,100
BRDA:71,13,1,9
BRDA:74,14,0,1
BRDA:74,14,1,99
BRDA:74,14,2,0
BRDA:74,14,3,0
BRDA:99,15,0,1
BRDA:99,15,1,8659
BRDA:99,16,0,8660
BRDA:99,16,1,1
BRDA:100,17,0,1
BRDA:100,17,1,0
BRDA:104,18,0,8659
BRDA:104,18,1,0
BRDA:104,19,0,8659
BRDA:104,19,1,8659
BRDA:105,20,0,8659
BRDA:105,20,1,0
BRDA:109,21,0,0
BRDA:109,21,1,0
BRDA:110,22,0,0
BRDA:110,22,1,0
BRDA:120,23,0,1
BRDA:120,23,1,108
BRDA:122,24,0,1
BRDA:122,24,1,107
BRDA:131,25,0,107
BRDA:131,25,1,2
BRDA:136,26,0,107
BRDA:136,26,1,2
BRDA:141,27,0,107
BRDA:141,27,1,2
BRDA:147,28,0,8763
BRDA:147,28,1,69
BRDA:178,29,0,33
BRDA:178,29,1,224
BRDA:190,30,0,15789
BRDA:190,30,1,2
BRDA:193,31,0,2
BRDA:193,31,1,222
BRDA:199,32,0,2
BRDA:199,32,1,0
BRDA:211,33,0,222
BRDA:211,33,1,0
BRDA:222,34,0,2
BRDA:222,34,1,222
BRDA:246,35,0,3
BRDA:246,35,1,3539
BRDA:247,36,0,3
BRDA:247,36,1,2
BRDA:252,37,0,25
BRDA:252,37,1,6
BRDA:290,38,0,0
BRDA:290,38,1,761
BRDA:291,39,0,0
BRDA:291,39,1,0
BRDA:296,40,0,2
BRDA:296,40,1,8
BRDA:342,41,0,169
BRDA:342,41,1,17
BRDA:345,42,0,169
BRDA:345,42,1,17
BRDA:348,43,0,169
BRDA:348,43,1,16
BRDA:351,44,0,169
BRDA:351,44,1,7
BRDA:354,45,0,169
BRDA:354,45,1,0
BRDA:383,46,0,2
BRDA:383,46,1,0
BRDA:392,47,0,2
BRDA:392,47,1,0
BRDA:399,48,0,2
BRDA:399,48,1,0
BRDA:408,49,0,2
BRDA:408,49,1,0
BRDA:414,50,0,2
BRDA:414,50,1,0
BRDA:415,51,0,2
BRDA:415,51,1,0
BRDA:426,52,0,2
BRDA:426,52,1,0
BRDA:435,53,0,2
BRDA:435,53,1,0
BRDA:436,54,0,1
BRDA:436,54,1,0
BRDA:441,55,0,2
BRDA:441,55,1,2
BRDA:447,56,0,2
BRDA:447,56,1,2
BRDA:447,57,0,2
BRDA:447,57,1,0
BRDA:451,58,0,2
BRDA:451,58,1,2
BRDA:455,59,0,2
BRDA:455,59,1,0
BRDA:466,60,0,1
BRDA:466,60,1,0
BRF:118
BRH:89
end_of_record
TN:
SF:routes/savings.js
FN:21,(anonymous_0)
FN:58,(anonymous_1)
FN:64,(anonymous_2)
FN:68,(anonymous_3)
FN:72,(anonymous_4)
FN:76,(anonymous_5)
FN:80,(anonymous_6)
FN:112,(anonymous_7)
FN:134,(anonymous_8)
FN:142,(anonymous_9)
FN:176,(anonymous_10)
FN:188,(anonymous_11)
FN:201,(anonymous_12)
FN:228,(anonymous_13)
FN:241,(anonymous_14)
FN:245,(anonymous_15)
FN:268,(anonymous_16)
FN:297,(anonymous_17)
FN:323,(anonymous_18)
FN:352,(anonymous_19)
FN:354,(anonymous_20)
FN:356,(anonymous_21)
FN:357,(anonymous_22)
FN:358,(anonymous_23)
FN:359,(anonymous_24)
FN:390,(anonymous_25)
FN:428,formatForCharts
FN:470,(anonymous_27)
FN:482,(anonymous_28)
FN:489,(anonymous_29)
FN:503,(anonymous_30)
FN:519,(anonymous_31)
FN:521,(anonymous_32)
FN:528,formatSummary
FN:529,(anonymous_34)
FN:534,(anonymous_35)
FN:538,(anonymous_36)
FN:544,(anonymous_37)
FN:550,(anonymous_38)
FNF:39
FNH:27
FNDA:8,(anonymous_0)
FNDA:0,(anonymous_1)
FNDA:0,(anonymous_2)
FNDA:0,(anonymous_3)
FNDA:0,(anonymous_4)
FNDA:0,(anonymous_5)
FNDA:0,(anonymous_6)
FNDA:0,(anonymous_7)
FNDA:2,(anonymous_8)
FNDA:6,(anonymous_9)
FNDA:0,(anonymous_10)
FNDA:0,(anonymous_11)
FNDA:1,(anonymous_12)
FNDA:4,(anonymous_13)
FNDA:0,(anonymous_14)
FNDA:0,(anonymous_15)
FNDA:4,(anonymous_16)
FNDA:1,(anonymous_17)
FNDA:1,(anonymous_18)
FNDA:1,(anonymous_19)
FNDA:1,(anonymous_20)
FNDA:1,(anonymous_21)
FNDA:1,(anonymous_22)
FNDA:1,(anonymous_23)
FNDA:1,(anonymous_24)
FNDA:1,(anonymous_25)
FNDA:5,formatForCharts
FNDA:4,(anonymous_27)
FNDA:238,(anonymous_28)
FNDA:4,(anonymous_29)
FNDA:4,(anonymous_30)
FNDA:4,(anonymous_31)
FNDA:4,(anonymous_32)
FNDA:2,formatSummary
FNDA:1,(anonymous_34)
FNDA:1,(anonymous_35)
FNDA:1,(anonymous_36)
FNDA:1,(anonymous_37)
FNDA:0,(anonymous_38)
DA:10,11
DA:11,11
DA:14,11
DA:15,11
DA:21,11
DA:22,8
DA:34,8
DA:36,8
DA:39,8
DA:41,8
DA:43,1
DA:44,1
DA:46,5
DA:47,5
DA:49,1
DA:50,1
DA:52,1
DA:53,1
DA:55,0
DA:58,8
DA:59,0
DA:63,8
DA:64,1
DA:67,8
DA:68,1
DA:71,8
DA:72,0
DA:75,8
DA:76,0
DA:79,8
DA:80,0
DA:85,8
DA:86,1
DA:87,7
DA:88,1
DA:91,6
DA:92,6
DA:93,6
DA:96,8
DA:98,8
DA:106,8
DA:107,6
DA:112,0
DA:118,8
DA:120,0
DA:121,0
DA:134,11
DA:135,2
DA:136,2
DA:138,2
DA:141,2
DA:142,6
DA:144,2
DA:145,1
DA:154,1
DA:175,1
DA:176,0
DA:179,1
DA:181,0
DA:182,0
DA:185,0
DA:186,0
DA:188,0
DA:194,1
DA:195,1
DA:198,1
DA:199,1
DA:201,1
DA:207,1
DA:214,0
DA:215,0
DA:228,11
DA:229,4
DA:235,4
DA:237,4
DA:240,4
DA:241,0
DA:244,4
DA:245,0
DA:249,4
DA:251,4
DA:253,1
DA:254,1
DA:256,3
DA:257,3
DA:259,0
DA:260,0
DA:262,0
DA:263,0
DA:265,0
DA:268,4
DA:269,4
DA:272,4
DA:274,4
DA:276,4
DA:283,0
DA:284,0
DA:297,11
DA:298,1
DA:299,1
DA:301,1
DA:304,1
DA:306,1
DA:308,0
DA:309,0
DA:311,1
DA:312,1
DA:314,0
DA:315,0
DA:317,0
DA:318,0
DA:320,0
DA:323,1
DA:324,1
DA:327,1
DA:329,1
DA:331,1
DA:338,0
DA:339,0
DA:352,11
DA:353,1
DA:354,1
DA:355,1
DA:356,1
DA:357,1
DA:358,1
DA:359,1
DA:361,1
DA:369,1
DA:376,0
DA:377,0
DA:390,11
DA:391,1
DA:392,1
DA:394,1
DA:406,1
DA:408,1
DA:415,0
DA:416,0
DA:430,5
DA:431,5
DA:434,5
DA:437,5
DA:439,1
DA:440,1
DA:442,2
DA:443,2
DA:445,1
DA:446,1
DA:448,1
DA:449,1
DA:451,0
DA:455,5
DA:456,5
DA:458,5
DA:459,238
DA:460,238
DA:470,5
DA:471,4
DA:472,4
DA:474,4
DA:475,4
DA:476,4
DA:481,5
DA:482,5
DA:483,238
DA:484,238
DA:488,5
DA:489,5
DA:490,4
DA:491,4
DA:497,4
DA:498,4
DA:502,5
DA:503,5
DA:504,4
DA:505,4
DA:511,4
DA:512,4
DA:515,5
DA:519,4
DA:521,4
DA:529,2
DA:530,2
DA:531,2
DA:534,2
DA:537,2
DA:538,2
DA:539,1
DA:543,2
DA:544,2
DA:545,1
DA:549,2
DA:550,0
DA:553,2
DA:566,11
LF:196
LH:156
BRDA:24,0,0,5
BRDA:30,1,0,8
BRDA:31,2,0,6
BRDA:32,3,0,8
BRDA:33,4,0,8
BRDA:41,5,0,1
BRDA:41,5,1,5
BRDA:41,5,2,1
BRDA:41,5,3,1
BRDA:41,5,4,0
BRDA:63,6,0,1
BRDA:63,6,1,7
BRDA:67,7,0,1
BRDA:67,7,1,7
BRDA:71,8,0,0
BRDA:71,8,1,8
BRDA:75,9,0,0
BRDA:75,9,1,8
BRDA:79,10,0,0
BRDA:79,10,1,8
BRDA:85,11,0,1
BRDA:85,11,1,7
BRDA:87,12,0,1
BRDA:87,12,1,6
BRDA:96,13,0,6
BRDA:96,13,1,2
BRDA:106,14,0,6
BRDA:106,14,1,2
BRDA:144,15,0,1
BRDA:144,15,1,1
BRDA:155,16,0,1
BRDA:155,16,1,1
BRDA:157,17,0,1
BRDA:157,17,1,1
BRDA:159,18,0,1
BRDA:159,18,1,1
BRDA:160,19,0,1
BRDA:160,19,1,1
BRDA:162,20,0,1
BRDA:162,20,1,1
BRDA:163,21,0,1
BRDA:163,21,1,1
BRDA:164,22,0,1
BRDA:164,22,1,1
BRDA:165,23,0,1
BRDA:165,23,1,0
BRDA:166,24,0,1
BRDA:166,24,1,1
BRDA:168,25,0,1
BRDA:168,25,1,1
BRDA:169,26,0,1
BRDA:169,26,1,1
BRDA:170,27,0,1
BRDA:170,27,1,1
BRDA:179,28,0,0
BRDA:179,28,1,1
BRDA:185,29,0,0
BRDA:185,29,1,0
BRDA:198,30,0,1
BRDA:198,30,1,0
BRDA:210,31,0,0
BRDA:210,31,1,1
BRDA:231,32,0,3
BRDA:232,33,0,1
BRDA:240,34,0,0
BRDA:240,34,1,4
BRDA:244,35,0,0
BRDA:244,35,1,4
BRDA:251,36,0,1
BRDA:251,36,1,3
BRDA:251,36,2,0
BRDA:251,36,3,0
BRDA:251,36,4,0
BRDA:274,37,0,4
BRDA:274,37,1,0
BRDA:299,38,0,1
BRDA:306,39,0,0
BRDA:306,39,1,1
BRDA:306,39,2,0
BRDA:306,39,3,0
BRDA:306,39,4,0
BRDA:356,40,0,1
BRDA:356,40,1,1
BRDA:364,41,0,1
BRDA:364,41,1,0
BRDA:395,42,0,1
BRDA:395,42,1,1
BRDA:396,43,0,1
BRDA:396,43,1,0
BRDA:398,44,0,1
BRDA:398,44,1,1
BRDA:399,45,0,1
BRDA:399,45,1,1
BRDA:400,46,0,1
BRDA:400,46,1,0
BRDA:401,47,0,1
BRDA:401,47,1,1
BRDA:402,48,0,1
BRDA:402,48,1,1
BRDA:437,49,0,1
BRDA:437,49,1,2
BRDA:437,49,2,1
BRDA:437,49,3,1
BRDA:437,49,4,0
BRDA:455,50,0,1
BRDA:455,50,1,4
BRDA:455,51,0,4
BRDA:455,51,1,0
BRDA:455,52,0,0
BRDA:455,52,1,0
BRDA:474,53,0,4
BRDA:474,53,1,0
BRDA:474,54,0,4
BRDA:474,54,1,4
BRDA:490,55,0,4
BRDA:490,55,1,0
BRDA:504,56,0,4
BRDA:504,56,1,0
BRDA:521,57,0,4
BRDA:521,57,1,1
BRDA:531,58,0,1
BRDA:531,58,1,1
BRDA:534,59,0,1
BRDA:534,59,1,0
BRDA:539,60,0,1
BRDA:539,60,1,1
BRDA:545,61,0,1
BRDA:545,61,1,1
BRDA:561,62,0,1
BRDA:561,62,1,1
BRF:130
BRH:99
end_of_record
